#
# There is insufficient memory for the Java Runtime Environment to continue.
# Native memory allocation (mmap) failed to map 264241152 bytes for G1 virtual space
# Possible reasons:
#   The system is out of physical RAM or swap space
#   The process is running with CompressedOops enabled, and the Java Heap may be blocking the growth of the native heap
# Possible solutions:
#   Reduce memory load on the system
#   Increase physical memory or swap space
#   Check if swap backing store is full
#   Decrease Java heap size (-Xmx/-Xms)
#   Decrease number of Java threads
#   Decrease Java thread stack sizes (-Xss)
#   Set larger code cache with -XX:ReservedCodeCacheSize=
#   JVM is running with Zero Based Compressed Oops mode in which the Java heap is
#     placed in the first 32GB address space. The Java Heap base address is the
#     maximum limit for the native heap growth. Please use -XX:HeapBaseMinAddress
#     to set the Java Heap base and to place the Java Heap above 32GB virtual address.
# This output file may be truncated or incomplete.
#
#  Out of Memory Error (os_windows.cpp:3469), pid=15416, tid=6976
#
# JRE version:  (17.0+35) (build )
# Java VM: Java HotSpot(TM) 64-Bit Server VM (17+35-LTS-2724, mixed mode, sharing, tiered, compressed oops, compressed class ptrs, g1 gc, windows-amd64)
# No core dump will be written. Minidumps are not enabled by default on client versions of Windows
#

---------------  S U M M A R Y ------------

Command Line: -javaagent:C:\Users\davii\AppData\Local\JetBrains\IdeaIC2021.1\testAgent\intellij-coverage-agent-1.0.579.jar=C:\Users\davii\AppData\Local\Temp\coverageargs -javaagent:C:\Program Files\JetBrains\IntelliJ IDEA Community Edition 2021.1.3\lib\idea_rt.jar=57616:C:\Program Files\JetBrains\IntelliJ IDEA Community Edition 2021.1.3\bin -Dfile.encoding=UTF-8 com.av2.av2.Av2Application

Host: 12th Gen Intel(R) Core(TM) i5-12500, 12 cores, 15G,  Windows 10 , 64 bit Build 19041 (10.0.19041.3393)
Time: Wed Oct 25 14:41:45 2023 Hora oficial do Brasil elapsed time: 0.016253 seconds (0d 0h 0m 0s)

---------------  T H R E A D  ---------------

Current thread (0x0000022439144b90):  JavaThread "Unknown thread" [_thread_in_vm, id=6976, stack(0x000000e8a3300000,0x000000e8a3400000)]

Stack: [0x000000e8a3300000,0x000000e8a3400000]
Native frames: (J=compiled Java code, j=interpreted, Vv=VM code, C=native code)
V  [jvm.dll+0x66f8ea]
V  [jvm.dll+0x7ce224]
V  [jvm.dll+0x7cf9ce]
V  [jvm.dll+0x7d0033]
V  [jvm.dll+0x242bb5]
V  [jvm.dll+0x66c909]
V  [jvm.dll+0x6613d2]
V  [jvm.dll+0x30082b]
V  [jvm.dll+0x307db6]
V  [jvm.dll+0x357a0e]
V  [jvm.dll+0x357c3f]
V  [jvm.dll+0x2d7ae8]
V  [jvm.dll+0x2d8a54]
V  [jvm.dll+0x7a00a1]
V  [jvm.dll+0x365781]
V  [jvm.dll+0x77f59c]
V  [jvm.dll+0x3e805f]
V  [jvm.dll+0x3e9b01]
C  [jli.dll+0x527b]
C  [ucrtbase.dll+0x21bb2]
C  [KERNEL32.DLL+0x17344]
C  [ntdll.dll+0x526b1]


---------------  P R O C E S S  ---------------

Threads class SMR info:
_java_thread_list=0x00007ff941a27818, length=0, elements={
}

Java Threads: ( => current thread )

Other Threads:
  0x0000022439165410 GCTaskThread "GC Thread#0" [stack: 0x000000e8a3400000,0x000000e8a3500000] [id=25220]
  0x00000224391a8520 ConcurrentGCThread "G1 Main Marker" [stack: 0x000000e8a3500000,0x000000e8a3600000] [id=19752]
  0x00000224391a8f30 ConcurrentGCThread "G1 Conc#0" [stack: 0x000000e8a3600000,0x000000e8a3700000] [id=25312]

[error occurred during error reporting (printing all threads), id 0xc0000005, EXCEPTION_ACCESS_VIOLATION (0xc0000005) at pc=0x00007ff9412784c7]

VM state: not at safepoint (not fully initialized)

VM Mutex/Monitor currently owned by a thread:  ([mutex/lock_event])
[0x0000022439140810] Heap_lock - owner thread: 0x0000022439144b90

Heap address: 0x0000000704c00000, size: 4020 MB, Compressed Oops mode: Zero based, Oop shift amount: 3

CDS archive(s) mapped at: [0x0000000000000000-0x0000000000000000-0x0000000000000000), size 0, SharedBaseAddress: 0x0000000800000000, ArchiveRelocationMode: 0.
Narrow klass base: 0x0000000000000000, Narrow klass shift: 0, Narrow klass range: 0x0

GC Precious Log:
<Empty>

Heap:
 garbage-first heap   total 0K, used 0K [0x0000000704c00000, 0x0000000800000000)
  region size 2048K, 0 young (0K), 0 survivors (0K)

[error occurred during error reporting (printing heap information), id 0xc0000005, EXCEPTION_ACCESS_VIOLATION (0xc0000005) at pc=0x00007ff941658c59]

GC Heap History (0 events):
No events

Deoptimization events (0 events):
No events

Classes unloaded (0 events):
No events

Classes redefined (0 events):
No events

Internal exceptions (0 events):
No events

VM Operations (0 events):
No events

Events (2 events):
Event: 0.011 Loaded shared library C:\Program Files\Java\jdk-17\bin\java.dll
Event: 0.012 Loaded shared library C:\Program Files\Java\jdk-17\bin\zip.dll


Dynamic libraries:
0x00007ff778ce0000 - 0x00007ff778cf0000 	C:\Program Files\Java\jdk-17\bin\java.exe
0x00007ff9d7a50000 - 0x00007ff9d7c48000 	C:\WINDOWS\SYSTEM32\ntdll.dll
0x00007ff9d7820000 - 0x00007ff9d78dd000 	C:\WINDOWS\System32\KERNEL32.DLL
0x00007ff9d51d0000 - 0x00007ff9d54c6000 	C:\WINDOWS\System32\KERNELBASE.dll
0x00007ff9d5770000 - 0x00007ff9d5870000 	C:\WINDOWS\System32\ucrtbase.dll
0x00007ff9c69a0000 - 0x00007ff9c69b8000 	C:\Program Files\Java\jdk-17\bin\jli.dll
0x00007ff9c7360000 - 0x00007ff9c737a000 	C:\Program Files\Java\jdk-17\bin\VCRUNTIME140.dll
0x00007ff9d7350000 - 0x00007ff9d73fe000 	C:\WINDOWS\System32\ADVAPI32.dll
0x00007ff9d6ec0000 - 0x00007ff9d6f5e000 	C:\WINDOWS\System32\msvcrt.dll
0x00007ff9d72b0000 - 0x00007ff9d734c000 	C:\WINDOWS\System32\sechost.dll
0x00007ff9d5d00000 - 0x00007ff9d5e26000 	C:\WINDOWS\System32\RPCRT4.dll
0x00007ff9d5ab0000 - 0x00007ff9d5c4e000 	C:\WINDOWS\System32\USER32.dll
0x00007ff9d5130000 - 0x00007ff9d5152000 	C:\WINDOWS\System32\win32u.dll
0x00007ff9b5170000 - 0x00007ff9b540a000 	C:\WINDOWS\WinSxS\amd64_microsoft.windows.common-controls_6595b64144ccf1df_6.0.19041.1110_none_60b5254171f9507e\COMCTL32.dll
0x00007ff9d6860000 - 0x00007ff9d688c000 	C:\WINDOWS\System32\GDI32.dll
0x00007ff9d5560000 - 0x00007ff9d567a000 	C:\WINDOWS\System32\gdi32full.dll
0x00007ff9d5680000 - 0x00007ff9d571d000 	C:\WINDOWS\System32\msvcp_win.dll
0x00007ff9cfdc0000 - 0x00007ff9cfdca000 	C:\WINDOWS\SYSTEM32\VERSION.dll
0x00007ff9d5c50000 - 0x00007ff9d5c80000 	C:\WINDOWS\System32\IMM32.DLL
0x0000022437000000 - 0x0000022437014000 	C:\WINDOWS\System32\umppc17312.dll
0x00007ff9c7350000 - 0x00007ff9c735c000 	C:\Program Files\Java\jdk-17\bin\vcruntime140_1.dll
0x00007ff9a2850000 - 0x00007ff9a28dd000 	C:\Program Files\Java\jdk-17\bin\msvcp140.dll
0x00007ff940f90000 - 0x00007ff941b4e000 	C:\Program Files\Java\jdk-17\bin\server\jvm.dll
0x00007ff9d7810000 - 0x00007ff9d7818000 	C:\WINDOWS\System32\PSAPI.DLL
0x00007ff9c5e10000 - 0x00007ff9c5e19000 	C:\WINDOWS\SYSTEM32\WSOCK32.dll
0x00007ff9d7090000 - 0x00007ff9d70fb000 	C:\WINDOWS\System32\WS2_32.dll
0x00007ff9b9a20000 - 0x00007ff9b9a47000 	C:\WINDOWS\SYSTEM32\WINMM.dll
0x00007ff9d2d60000 - 0x00007ff9d2d72000 	C:\WINDOWS\SYSTEM32\kernel.appcore.dll
0x00007ff9c6c10000 - 0x00007ff9c6c1a000 	C:\Program Files\Java\jdk-17\bin\jimage.dll
0x00007ff9b9b60000 - 0x00007ff9b9d44000 	C:\WINDOWS\SYSTEM32\DBGHELP.DLL
0x00007ff9c28e0000 - 0x00007ff9c2914000 	C:\WINDOWS\SYSTEM32\dbgcore.DLL
0x00007ff9d54d0000 - 0x00007ff9d5552000 	C:\WINDOWS\System32\bcryptPrimitives.dll
0x00007ff9c6530000 - 0x00007ff9c653e000 	C:\Program Files\Java\jdk-17\bin\instrument.dll
0x00007ff9c66c0000 - 0x00007ff9c66e5000 	C:\Program Files\Java\jdk-17\bin\java.dll
0x00007ff9ac9a0000 - 0x00007ff9ac9b8000 	C:\Program Files\Java\jdk-17\bin\zip.dll

dbghelp: loaded successfully - version: 4.0.5 - missing functions: none
symbol engine: initialized successfully - sym options: 0x614 - pdb path: .;C:\Program Files\Java\jdk-17\bin;C:\WINDOWS\SYSTEM32;C:\WINDOWS\WinSxS\amd64_microsoft.windows.common-controls_6595b64144ccf1df_6.0.19041.1110_none_60b5254171f9507e;C:\Program Files\Java\jdk-17\bin\server

VM Arguments:
jvm_args: -javaagent:C:\Users\davii\AppData\Local\JetBrains\IdeaIC2021.1\testAgent\intellij-coverage-agent-1.0.579.jar=C:\Users\davii\AppData\Local\Temp\coverageargs -javaagent:C:\Program Files\JetBrains\IntelliJ IDEA Community Edition 2021.1.3\lib\idea_rt.jar=57616:C:\Program Files\JetBrains\IntelliJ IDEA Community Edition 2021.1.3\bin -Dfile.encoding=UTF-8 
java_command: com.av2.av2.Av2Application
java_class_path (initial): C:\Users\davii\Desktop\av2\target\classes;C:\Users\davii\.m2\repository\org\springframework\boot\spring-boot-starter-data-jpa\3.1.4\spring-boot-starter-data-jpa-3.1.4.jar;C:\Users\davii\.m2\repository\org\springframework\boot\spring-boot-starter-aop\3.1.4\spring-boot-starter-aop-3.1.4.jar;C:\Users\davii\.m2\repository\org\springframework\spring-aop\6.0.12\spring-aop-6.0.12.jar;C:\Users\davii\.m2\repository\org\aspectj\aspectjweaver\1.9.20\aspectjweaver-1.9.20.jar;C:\Users\davii\.m2\repository\org\springframework\boot\spring-boot-starter-jdbc\3.1.4\spring-boot-starter-jdbc-3.1.4.jar;C:\Users\davii\.m2\repository\com\zaxxer\HikariCP\5.0.1\HikariCP-5.0.1.jar;C:\Users\davii\.m2\repository\org\springframework\spring-jdbc\6.0.12\spring-jdbc-6.0.12.jar;C:\Users\davii\.m2\repository\org\hibernate\orm\hibernate-core\6.2.9.Final\hibernate-core-6.2.9.Final.jar;C:\Users\davii\.m2\repository\jakarta\persistence\jakarta.persistence-api\3.1.0\jakarta.persistence-api-3.1.0.jar;C:\Users\davii\.m2\repository\jakarta\transaction\jakarta.transaction-api\2.0.1\jakarta.transaction-api-2.0.1.jar;C:\Users\davii\.m2\repository\org\jboss\logging\jboss-logging\3.5.3.Final\jboss-logging-3.5.3.Final.jar;C:\Users\davii\.m2\repository\org\hibernate\common\hibernate-commons-annotations\6.0.6.Final\hibernate-commons-annotations-6.0.6.Final.jar;C:\Users\davii\.m2\repository\io\smallrye\jandex\3.0.5\jandex-3.0.5.jar;C:\Users\davii\.m2\repository\com\fasterxml\classmate\1.5.1\classmate-1.5.1.jar;C:\Users\davii\.m2\repository\net\bytebuddy\byte-buddy\1.14.8\byte-buddy-1.14.8.jar;C:\Users\davii\.m2\repository\org\glassfish\jaxb\jaxb-runtime\4.0.3\jaxb-runtime-4.0.3.jar;C:\Users\davii\.m2\repository\org\glassfish\jaxb\jaxb-core\4.0.3\jaxb-core-4.0.3.jar;C:\Users\davii\.m2\repository\org\eclipse\angus\angus-activation\2.0.1\angus-activation-2.0.1.jar;C:\Users\davii\.m2\repository\org\glassfish\jaxb\txw2\4.0.3\txw2-4.0.3.jar;C:\Users\davii\.m2\repository\com\sun\istack\istack-c
Launcher Type: SUN_STANDARD

[Global flags]
     intx CICompilerCount                          = 4                                         {product} {ergonomic}
     uint ConcGCThreads                            = 3                                         {product} {ergonomic}
     uint G1ConcRefinementThreads                  = 10                                        {product} {ergonomic}
   size_t G1HeapRegionSize                         = 2097152                                   {product} {ergonomic}
    uintx GCDrainStackTargetSize                   = 64                                        {product} {ergonomic}
   size_t InitialHeapSize                          = 264241152                                 {product} {ergonomic}
   size_t MarkStackSize                            = 4194304                                   {product} {ergonomic}
   size_t MaxHeapSize                              = 4215275520                                {product} {ergonomic}
   size_t MinHeapDeltaBytes                        = 2097152                                   {product} {ergonomic}
   size_t MinHeapSize                              = 8388608                                   {product} {ergonomic}
    uintx NonNMethodCodeHeapSize                   = 5839372                                {pd product} {ergonomic}
    uintx NonProfiledCodeHeapSize                  = 122909434                              {pd product} {ergonomic}
    uintx ProfiledCodeHeapSize                     = 122909434                              {pd product} {ergonomic}
    uintx ReservedCodeCacheSize                    = 251658240                              {pd product} {ergonomic}
     bool SegmentedCodeCache                       = true                                      {product} {ergonomic}
   size_t SoftMaxHeapSize                          = 4215275520                             {manageable} {ergonomic}
     bool UseCompressedClassPointers               = true                           {product lp64_product} {ergonomic}
     bool UseCompressedOops                        = true                           {product lp64_product} {ergonomic}
     bool UseG1GC                                  = true                                      {product} {ergonomic}
     bool UseLargePagesIndividualAllocation        = false                                  {pd product} {ergonomic}

Logging:
Log output configuration:
 #0: stdout all=warning uptime,level,tags
 #1: stderr all=off uptime,level,tags

Environment Variables:
JAVA_HOME=C:\Program Files\Java\jdk1.8.0_111
PATH=C:\Program Files (x86)\VMware\VMware Player\bin\;C:\Program Files\Common Files\Oracle\Java\javapath;C:\Python39\Scripts\;C:\Python39\;C:\ProgramData\Oracle\Java\javapath;C:\app\Administrador\product\18.0.0\dbhomeXE\bin;C:\Program Files (x86)\Microchip\mplabc18\v3.47\mpasm;C:\Program Files (x86)\Microchip\mplabc18\v3.47\bin;C:\Python38\Scripts\;C:\Python38\;C:\Program Files (x86)\Common Files\Oracle\Java\javapath;C:\WINDOWS\system32;C:\WINDOWS;C:\WINDOWS\System32\Wbem;C:\WINDOWS\System32\WindowsPowerShell\v1.0\;C:\WINDOWS\System32\OpenSSH\;C:\Program Files (x86)\IronRuby 1.1\bin;C:\Program Files\Microsoft SQL Server\120\Tools\Binn\;C:\Program Files\Microsoft SQL Server\Client SDK\ODBC\110\Tools\Binn\;C:\Program Files (x86)\IVI Foundation\VISA\WinNT\Bin;C:\Program Files (x86)\Windows Live\Shared;C:\ProgramData\chocolatey\bin;C:\Program Files (x86)\Microchip\MPLAB C32 Suite\bin;C:\Program Files (x86)\Microsoft SQL Server\120\Tools\Binn\;C:\Program Files\Microsoft SQL Server\120\DTS\Binn\;C:\Program Files (x86)\Windows Kits\8.1\Windows Performance Toolkit\;C:\Program Files (x86)\P-CAD 2006 Viewer\;C:\Program Files (x86)\Brackets\command;C:\Users\Aluno\AppData\Roaming\npm;C:\Program Files\dotnet\;C:\Program Files\Microsoft SQL Server\130\Tools\Binn\;C:\Program Files\Microsoft SQL Server\Client SDK\ODBC\170\Tools\Binn\;c:\src\flutter;C:\ProgramData\UNIVALI\Portugol Studio;C:\Program Files\Git\cmd;C:\Program Files (x86)\Yarn\bin\;C:\Program Files\Android\Sdk\emulator;C:\Program Files\Android\Sdk\tools;C:\Program Files\Android\Sdk\tools\bin;C:\Program Files\Android\Sdk\platform-tools;C:\Program Files (x86)\Yarn\bin;C:\Program Files\MATLAB\R2021a\runtime\win64;C:\Program Files\MATLAB\R2021a\bin;C:\Program Files\PuTTY\;C:\Program Files\nodejs\;;C:\Program Files\Docker\Docker\resources\bin;C:\ProgramData\DockerDesktop\version-bin;C:\Users\davii\AppData\Local\Microsoft\WindowsApps;;C:\Users\davii\AppData\Local\Programs\Microsoft VS Code\bin
USERNAME=davii
OS=Windows_NT
PROCESSOR_IDENTIFIER=Intel64 Family 6 Model 151 Stepping 5, GenuineIntel



---------------  S Y S T E M  ---------------

OS:
 Windows 10 , 64 bit Build 19041 (10.0.19041.3393)
OS uptime: 0 days 4:29 hours
Hyper-V role detected

CPU: total 12 (initial active 12) (6 cores per cpu, 2 threads per core) family 6 model 151 stepping 5 microcode 0x1e, cx8, cmov, fxsr, ht, mmx, 3dnowpref, sse, sse2, sse3, ssse3, sse4.1, sse4.2, popcnt, lzcnt, tsc, tscinvbit, avx, avx2, aes, erms, clmul, bmi1, bmi2, adx, sha, fma, vzeroupper, clflush, clflushopt, clwb, hv

Memory: 4k page, system-wide physical 16072M (4733M free)
TotalPageFile size 17442M (AvailPageFile size 64M)
current process WorkingSet (physical memory assigned to process): 10M, peak: 10M
current process commit charge ("private bytes"): 64M, peak: 316M

vm_info: Java HotSpot(TM) 64-Bit Server VM (17+35-LTS-2724) for windows-amd64 JRE (17+35-LTS-2724), built on Aug  5 2021 23:28:28 by "mach5one" with MS VC++ 16.8 (VS2019)

END.
