#
# There is insufficient memory for the Java Runtime Environment to continue.
# Native memory allocation (malloc) failed to allocate 123616 bytes for Chunk::new
# Possible reasons:
#   The system is out of physical RAM or swap space
#   The process is running with CompressedOops enabled, and the Java Heap may be blocking the growth of the native heap
# Possible solutions:
#   Reduce memory load on the system
#   Increase physical memory or swap space
#   Check if swap backing store is full
#   Decrease Java heap size (-Xmx/-Xms)
#   Decrease number of Java threads
#   Decrease Java thread stack sizes (-Xss)
#   Set larger code cache with -XX:ReservedCodeCacheSize=
#   JVM is running with Zero Based Compressed Oops mode in which the Java heap is
#     placed in the first 32GB address space. The Java Heap base address is the
#     maximum limit for the native heap growth. Please use -XX:HeapBaseMinAddress
#     to set the Java Heap base and to place the Java Heap above 32GB virtual address.
# This output file may be truncated or incomplete.
#
#  Out of Memory Error (arena.cpp:189), pid=24984, tid=3540
#
# JRE version: Java(TM) SE Runtime Environment (17.0+35) (build 17+35-LTS-2724)
# Java VM: Java HotSpot(TM) 64-Bit Server VM (17+35-LTS-2724, mixed mode, sharing, tiered, compressed oops, compressed class ptrs, g1 gc, windows-amd64)
# No core dump will be written. Minidumps are not enabled by default on client versions of Windows
#

---------------  S U M M A R Y ------------

Command Line: -javaagent:C:\Program Files\JetBrains\IntelliJ IDEA Community Edition 2021.1.3\lib\idea_rt.jar=54545:C:\Program Files\JetBrains\IntelliJ IDEA Community Edition 2021.1.3\bin -Dfile.encoding=UTF-8 com.av2.av2.Av2Application

Host: 12th Gen Intel(R) Core(TM) i5-12500, 12 cores, 15G,  Windows 10 , 64 bit Build 19041 (10.0.19041.3393)
Time: Wed Oct 25 14:37:17 2023 Hora oficial do Brasil elapsed time: 0.176578 seconds (0d 0h 0m 0s)

---------------  T H R E A D  ---------------

Current thread (0x000002612e70cb90):  JavaThread "C2 CompilerThread0" daemon [_thread_in_native, id=3540, stack(0x000000b6e2200000,0x000000b6e2300000)]


Current CompileTask:
C2:    176  578   !   4       java.util.zip.ZipFile$Source::getEntryPos (173 bytes)

Stack: [0x000000b6e2200000,0x000000b6e2300000]
Native frames: (J=compiled Java code, j=interpreted, Vv=VM code, C=native code)
V  [jvm.dll+0x66f8ea]
V  [jvm.dll+0x7ce224]
V  [jvm.dll+0x7cf9ce]
V  [jvm.dll+0x7d0033]
V  [jvm.dll+0x242bb5]
V  [jvm.dll+0xaa05b]
V  [jvm.dll+0xaa5ec]
V  [jvm.dll+0x2a954f]
V  [jvm.dll+0x5784b9]
V  [jvm.dll+0x21de2d]
V  [jvm.dll+0x217651]
V  [jvm.dll+0x214fb5]
V  [jvm.dll+0x1a168d]
V  [jvm.dll+0x2248f8]
V  [jvm.dll+0x222a5c]
V  [jvm.dll+0x78422b]
V  [jvm.dll+0x77e7ea]
V  [jvm.dll+0x66e715]
C  [ucrtbase.dll+0x21bb2]
C  [KERNEL32.DLL+0x17344]
C  [ntdll.dll+0x526b1]


---------------  P R O C E S S  ---------------

Threads class SMR info:
_java_thread_list=0x000002612f2ee320, length=14, elements={
0x000002610aff4c50, 0x000002612e6f3580, 0x000002612e6f4300, 0x000002612e703c90,
0x000002612e705760, 0x000002612e708130, 0x000002612e70bef0, 0x000002612e70cb90,
0x000002612e715550, 0x000002612e718870, 0x000002612f1f2e10, 0x000002612f27cd50,
0x000002612f4fc840, 0x000002612f487a90
}

Java Threads: ( => current thread )
  0x000002610aff4c50 JavaThread "main" [_thread_in_vm, id=23716, stack(0x000000b6e1500000,0x000000b6e1600000)]
  0x000002612e6f3580 JavaThread "Reference Handler" daemon [_thread_blocked, id=5152, stack(0x000000b6e1c00000,0x000000b6e1d00000)]
  0x000002612e6f4300 JavaThread "Finalizer" daemon [_thread_blocked, id=3348, stack(0x000000b6e1d00000,0x000000b6e1e00000)]
  0x000002612e703c90 JavaThread "Signal Dispatcher" daemon [_thread_blocked, id=11088, stack(0x000000b6e1e00000,0x000000b6e1f00000)]
  0x000002612e705760 JavaThread "Attach Listener" daemon [_thread_blocked, id=13452, stack(0x000000b6e1f00000,0x000000b6e2000000)]
  0x000002612e708130 JavaThread "Service Thread" daemon [_thread_blocked, id=14264, stack(0x000000b6e2000000,0x000000b6e2100000)]
  0x000002612e70bef0 JavaThread "Monitor Deflation Thread" daemon [_thread_blocked, id=24644, stack(0x000000b6e2100000,0x000000b6e2200000)]
=>0x000002612e70cb90 JavaThread "C2 CompilerThread0" daemon [_thread_in_native, id=3540, stack(0x000000b6e2200000,0x000000b6e2300000)]
  0x000002612e715550 JavaThread "C1 CompilerThread0" daemon [_thread_blocked, id=12364, stack(0x000000b6e2300000,0x000000b6e2400000)]
  0x000002612e718870 JavaThread "Sweeper thread" daemon [_thread_blocked, id=14992, stack(0x000000b6e2400000,0x000000b6e2500000)]
  0x000002612f1f2e10 JavaThread "Common-Cleaner" daemon [_thread_blocked, id=19040, stack(0x000000b6e2500000,0x000000b6e2600000)]
  0x000002612f27cd50 JavaThread "C2 CompilerThread1" daemon [_thread_in_native, id=7360, stack(0x000000b6e2600000,0x000000b6e2700000)]
  0x000002612f4fc840 JavaThread "Monitor Ctrl-Break" daemon [_thread_in_native, id=20772, stack(0x000000b6e2700000,0x000000b6e2800000)]
  0x000002612f487a90 JavaThread "Notification Thread" daemon [_thread_blocked, id=20460, stack(0x000000b6e2800000,0x000000b6e2900000)]

Other Threads:
  0x000002612e6ef2c0 VMThread "VM Thread" [stack: 0x000000b6e1b00000,0x000000b6e1c00000] [id=24508]
  0x000002612f565670 WatcherThread [stack: 0x000000b6e2900000,0x000000b6e2a00000] [id=24948]
  0x000002610b041d60 GCTaskThread "GC Thread#0" [stack: 0x000000b6e1600000,0x000000b6e1700000] [id=18816]
  0x000002610b053700 ConcurrentGCThread "G1 Main Marker" [stack: 0x000000b6e1700000,0x000000b6e1800000] [id=24052]
  0x000002610b0557d0 ConcurrentGCThread "G1 Conc#0" [stack: 0x000000b6e1800000,0x000000b6e1900000] [id=23648]
  0x000002610b0b1ea0 ConcurrentGCThread "G1 Refine#0" [stack: 0x000000b6e1900000,0x000000b6e1a00000] [id=10932]
  0x000002610b0b27d0 ConcurrentGCThread "G1 Service" [stack: 0x000000b6e1a00000,0x000000b6e1b00000] [id=6584]

Threads with active compile tasks:
C2 CompilerThread0      190  578   !   4       java.util.zip.ZipFile$Source::getEntryPos (173 bytes)
C2 CompilerThread1      190  581   !   4       java.util.zip.ZipFile::getEntry (59 bytes)

VM state: not at safepoint (normal execution)

VM Mutex/Monitor currently owned by a thread:  ([mutex/lock_event])
[0x000002610afeeaf0] Metaspace_lock - owner thread: 0x000002610aff4c50

Heap address: 0x0000000704c00000, size: 4020 MB, Compressed Oops mode: Zero based, Oop shift amount: 3

CDS archive(s) mapped at: [0x0000000800000000-0x0000000800bc0000-0x0000000800bc0000), size 12320768, SharedBaseAddress: 0x0000000800000000, ArchiveRelocationMode: 0.
Compressed class space mapped at: 0x0000000800c00000-0x0000000840c00000, reserved size: 1073741824
Narrow klass base: 0x0000000800000000, Narrow klass shift: 0, Narrow klass range: 0x100000000

GC Precious Log:
 CPUs: 12 total, 12 available
 Memory: 16072M
 Large Page Support: Disabled
 NUMA Support: Disabled
 Compressed Oops: Enabled (Zero based)
 Heap Region Size: 2M
 Heap Min Capacity: 8M
 Heap Initial Capacity: 252M
 Heap Max Capacity: 4020M
 Pre-touch: Disabled
 Parallel Workers: 10
 Concurrent Workers: 3
 Concurrent Refinement Workers: 10
 Periodic GC: Disabled

Heap:
 garbage-first heap   total 258048K, used 10240K [0x0000000704c00000, 0x0000000800000000)
  region size 2048K, 7 young (14336K), 0 survivors (0K)
 Metaspace       used 2446K, committed 2560K, reserved 1056768K
  class space    used 233K, committed 320K, reserved 1048576K

Heap Regions: E=young(eden), S=young(survivor), O=old, HS=humongous(starts), HC=humongous(continues), CS=collection set, F=free, OA=open archive, CA=closed archive, TAMS=top-at-mark-start (previous, next)
|   0|0x0000000704c00000, 0x0000000704c00000, 0x0000000704e00000|  0%| F|  |TAMS 0x0000000704c00000, 0x0000000704c00000| Untracked 
|   1|0x0000000704e00000, 0x0000000704e00000, 0x0000000705000000|  0%| F|  |TAMS 0x0000000704e00000, 0x0000000704e00000| Untracked 
|   2|0x0000000705000000, 0x0000000705000000, 0x0000000705200000|  0%| F|  |TAMS 0x0000000705000000, 0x0000000705000000| Untracked 
|   3|0x0000000705200000, 0x0000000705200000, 0x0000000705400000|  0%| F|  |TAMS 0x0000000705200000, 0x0000000705200000| Untracked 
|   4|0x0000000705400000, 0x0000000705400000, 0x0000000705600000|  0%| F|  |TAMS 0x0000000705400000, 0x0000000705400000| Untracked 
|   5|0x0000000705600000, 0x0000000705600000, 0x0000000705800000|  0%| F|  |TAMS 0x0000000705600000, 0x0000000705600000| Untracked 
|   6|0x0000000705800000, 0x0000000705800000, 0x0000000705a00000|  0%| F|  |TAMS 0x0000000705800000, 0x0000000705800000| Untracked 
|   7|0x0000000705a00000, 0x0000000705a00000, 0x0000000705c00000|  0%| F|  |TAMS 0x0000000705a00000, 0x0000000705a00000| Untracked 
|   8|0x0000000705c00000, 0x0000000705c00000, 0x0000000705e00000|  0%| F|  |TAMS 0x0000000705c00000, 0x0000000705c00000| Untracked 
|   9|0x0000000705e00000, 0x0000000705e00000, 0x0000000706000000|  0%| F|  |TAMS 0x0000000705e00000, 0x0000000705e00000| Untracked 
|  10|0x0000000706000000, 0x0000000706000000, 0x0000000706200000|  0%| F|  |TAMS 0x0000000706000000, 0x0000000706000000| Untracked 
|  11|0x0000000706200000, 0x0000000706200000, 0x0000000706400000|  0%| F|  |TAMS 0x0000000706200000, 0x0000000706200000| Untracked 
|  12|0x0000000706400000, 0x0000000706400000, 0x0000000706600000|  0%| F|  |TAMS 0x0000000706400000, 0x0000000706400000| Untracked 
|  13|0x0000000706600000, 0x0000000706600000, 0x0000000706800000|  0%| F|  |TAMS 0x0000000706600000, 0x0000000706600000| Untracked 
|  14|0x0000000706800000, 0x0000000706800000, 0x0000000706a00000|  0%| F|  |TAMS 0x0000000706800000, 0x0000000706800000| Untracked 
|  15|0x0000000706a00000, 0x0000000706a00000, 0x0000000706c00000|  0%| F|  |TAMS 0x0000000706a00000, 0x0000000706a00000| Untracked 
|  16|0x0000000706c00000, 0x0000000706c00000, 0x0000000706e00000|  0%| F|  |TAMS 0x0000000706c00000, 0x0000000706c00000| Untracked 
|  17|0x0000000706e00000, 0x0000000706e00000, 0x0000000707000000|  0%| F|  |TAMS 0x0000000706e00000, 0x0000000706e00000| Untracked 
|  18|0x0000000707000000, 0x0000000707000000, 0x0000000707200000|  0%| F|  |TAMS 0x0000000707000000, 0x0000000707000000| Untracked 
|  19|0x0000000707200000, 0x0000000707200000, 0x0000000707400000|  0%| F|  |TAMS 0x0000000707200000, 0x0000000707200000| Untracked 
|  20|0x0000000707400000, 0x0000000707400000, 0x0000000707600000|  0%| F|  |TAMS 0x0000000707400000, 0x0000000707400000| Untracked 
|  21|0x0000000707600000, 0x0000000707600000, 0x0000000707800000|  0%| F|  |TAMS 0x0000000707600000, 0x0000000707600000| Untracked 
|  22|0x0000000707800000, 0x0000000707800000, 0x0000000707a00000|  0%| F|  |TAMS 0x0000000707800000, 0x0000000707800000| Untracked 
|  23|0x0000000707a00000, 0x0000000707a00000, 0x0000000707c00000|  0%| F|  |TAMS 0x0000000707a00000, 0x0000000707a00000| Untracked 
|  24|0x0000000707c00000, 0x0000000707c00000, 0x0000000707e00000|  0%| F|  |TAMS 0x0000000707c00000, 0x0000000707c00000| Untracked 
|  25|0x0000000707e00000, 0x0000000707e00000, 0x0000000708000000|  0%| F|  |TAMS 0x0000000707e00000, 0x0000000707e00000| Untracked 
|  26|0x0000000708000000, 0x0000000708000000, 0x0000000708200000|  0%| F|  |TAMS 0x0000000708000000, 0x0000000708000000| Untracked 
|  27|0x0000000708200000, 0x0000000708200000, 0x0000000708400000|  0%| F|  |TAMS 0x0000000708200000, 0x0000000708200000| Untracked 
|  28|0x0000000708400000, 0x0000000708400000, 0x0000000708600000|  0%| F|  |TAMS 0x0000000708400000, 0x0000000708400000| Untracked 
|  29|0x0000000708600000, 0x0000000708600000, 0x0000000708800000|  0%| F|  |TAMS 0x0000000708600000, 0x0000000708600000| Untracked 
|  30|0x0000000708800000, 0x0000000708800000, 0x0000000708a00000|  0%| F|  |TAMS 0x0000000708800000, 0x0000000708800000| Untracked 
|  31|0x0000000708a00000, 0x0000000708a00000, 0x0000000708c00000|  0%| F|  |TAMS 0x0000000708a00000, 0x0000000708a00000| Untracked 
|  32|0x0000000708c00000, 0x0000000708c00000, 0x0000000708e00000|  0%| F|  |TAMS 0x0000000708c00000, 0x0000000708c00000| Untracked 
|  33|0x0000000708e00000, 0x0000000708e00000, 0x0000000709000000|  0%| F|  |TAMS 0x0000000708e00000, 0x0000000708e00000| Untracked 
|  34|0x0000000709000000, 0x0000000709000000, 0x0000000709200000|  0%| F|  |TAMS 0x0000000709000000, 0x0000000709000000| Untracked 
|  35|0x0000000709200000, 0x0000000709200000, 0x0000000709400000|  0%| F|  |TAMS 0x0000000709200000, 0x0000000709200000| Untracked 
|  36|0x0000000709400000, 0x0000000709400000, 0x0000000709600000|  0%| F|  |TAMS 0x0000000709400000, 0x0000000709400000| Untracked 
|  37|0x0000000709600000, 0x0000000709600000, 0x0000000709800000|  0%| F|  |TAMS 0x0000000709600000, 0x0000000709600000| Untracked 
|  38|0x0000000709800000, 0x0000000709800000, 0x0000000709a00000|  0%| F|  |TAMS 0x0000000709800000, 0x0000000709800000| Untracked 
|  39|0x0000000709a00000, 0x0000000709a00000, 0x0000000709c00000|  0%| F|  |TAMS 0x0000000709a00000, 0x0000000709a00000| Untracked 
|  40|0x0000000709c00000, 0x0000000709c00000, 0x0000000709e00000|  0%| F|  |TAMS 0x0000000709c00000, 0x0000000709c00000| Untracked 
|  41|0x0000000709e00000, 0x0000000709e00000, 0x000000070a000000|  0%| F|  |TAMS 0x0000000709e00000, 0x0000000709e00000| Untracked 
|  42|0x000000070a000000, 0x000000070a000000, 0x000000070a200000|  0%| F|  |TAMS 0x000000070a000000, 0x000000070a000000| Untracked 
|  43|0x000000070a200000, 0x000000070a200000, 0x000000070a400000|  0%| F|  |TAMS 0x000000070a200000, 0x000000070a200000| Untracked 
|  44|0x000000070a400000, 0x000000070a400000, 0x000000070a600000|  0%| F|  |TAMS 0x000000070a400000, 0x000000070a400000| Untracked 
|  45|0x000000070a600000, 0x000000070a600000, 0x000000070a800000|  0%| F|  |TAMS 0x000000070a600000, 0x000000070a600000| Untracked 
|  46|0x000000070a800000, 0x000000070a800000, 0x000000070aa00000|  0%| F|  |TAMS 0x000000070a800000, 0x000000070a800000| Untracked 
|  47|0x000000070aa00000, 0x000000070aa00000, 0x000000070ac00000|  0%| F|  |TAMS 0x000000070aa00000, 0x000000070aa00000| Untracked 
|  48|0x000000070ac00000, 0x000000070ac00000, 0x000000070ae00000|  0%| F|  |TAMS 0x000000070ac00000, 0x000000070ac00000| Untracked 
|  49|0x000000070ae00000, 0x000000070ae00000, 0x000000070b000000|  0%| F|  |TAMS 0x000000070ae00000, 0x000000070ae00000| Untracked 
|  50|0x000000070b000000, 0x000000070b000000, 0x000000070b200000|  0%| F|  |TAMS 0x000000070b000000, 0x000000070b000000| Untracked 
|  51|0x000000070b200000, 0x000000070b200000, 0x000000070b400000|  0%| F|  |TAMS 0x000000070b200000, 0x000000070b200000| Untracked 
|  52|0x000000070b400000, 0x000000070b400000, 0x000000070b600000|  0%| F|  |TAMS 0x000000070b400000, 0x000000070b400000| Untracked 
|  53|0x000000070b600000, 0x000000070b600000, 0x000000070b800000|  0%| F|  |TAMS 0x000000070b600000, 0x000000070b600000| Untracked 
|  54|0x000000070b800000, 0x000000070b800000, 0x000000070ba00000|  0%| F|  |TAMS 0x000000070b800000, 0x000000070b800000| Untracked 
|  55|0x000000070ba00000, 0x000000070ba00000, 0x000000070bc00000|  0%| F|  |TAMS 0x000000070ba00000, 0x000000070ba00000| Untracked 
|  56|0x000000070bc00000, 0x000000070bc00000, 0x000000070be00000|  0%| F|  |TAMS 0x000000070bc00000, 0x000000070bc00000| Untracked 
|  57|0x000000070be00000, 0x000000070be00000, 0x000000070c000000|  0%| F|  |TAMS 0x000000070be00000, 0x000000070be00000| Untracked 
|  58|0x000000070c000000, 0x000000070c000000, 0x000000070c200000|  0%| F|  |TAMS 0x000000070c000000, 0x000000070c000000| Untracked 
|  59|0x000000070c200000, 0x000000070c200000, 0x000000070c400000|  0%| F|  |TAMS 0x000000070c200000, 0x000000070c200000| Untracked 
|  60|0x000000070c400000, 0x000000070c400000, 0x000000070c600000|  0%| F|  |TAMS 0x000000070c400000, 0x000000070c400000| Untracked 
|  61|0x000000070c600000, 0x000000070c600000, 0x000000070c800000|  0%| F|  |TAMS 0x000000070c600000, 0x000000070c600000| Untracked 
|  62|0x000000070c800000, 0x000000070c800000, 0x000000070ca00000|  0%| F|  |TAMS 0x000000070c800000, 0x000000070c800000| Untracked 
|  63|0x000000070ca00000, 0x000000070ca00000, 0x000000070cc00000|  0%| F|  |TAMS 0x000000070ca00000, 0x000000070ca00000| Untracked 
|  64|0x000000070cc00000, 0x000000070cc00000, 0x000000070ce00000|  0%| F|  |TAMS 0x000000070cc00000, 0x000000070cc00000| Untracked 
|  65|0x000000070ce00000, 0x000000070ce00000, 0x000000070d000000|  0%| F|  |TAMS 0x000000070ce00000, 0x000000070ce00000| Untracked 
|  66|0x000000070d000000, 0x000000070d000000, 0x000000070d200000|  0%| F|  |TAMS 0x000000070d000000, 0x000000070d000000| Untracked 
|  67|0x000000070d200000, 0x000000070d200000, 0x000000070d400000|  0%| F|  |TAMS 0x000000070d200000, 0x000000070d200000| Untracked 
|  68|0x000000070d400000, 0x000000070d400000, 0x000000070d600000|  0%| F|  |TAMS 0x000000070d400000, 0x000000070d400000| Untracked 
|  69|0x000000070d600000, 0x000000070d600000, 0x000000070d800000|  0%| F|  |TAMS 0x000000070d600000, 0x000000070d600000| Untracked 
|  70|0x000000070d800000, 0x000000070d800000, 0x000000070da00000|  0%| F|  |TAMS 0x000000070d800000, 0x000000070d800000| Untracked 
|  71|0x000000070da00000, 0x000000070da00000, 0x000000070dc00000|  0%| F|  |TAMS 0x000000070da00000, 0x000000070da00000| Untracked 
|  72|0x000000070dc00000, 0x000000070dc00000, 0x000000070de00000|  0%| F|  |TAMS 0x000000070dc00000, 0x000000070dc00000| Untracked 
|  73|0x000000070de00000, 0x000000070de00000, 0x000000070e000000|  0%| F|  |TAMS 0x000000070de00000, 0x000000070de00000| Untracked 
|  74|0x000000070e000000, 0x000000070e000000, 0x000000070e200000|  0%| F|  |TAMS 0x000000070e000000, 0x000000070e000000| Untracked 
|  75|0x000000070e200000, 0x000000070e200000, 0x000000070e400000|  0%| F|  |TAMS 0x000000070e200000, 0x000000070e200000| Untracked 
|  76|0x000000070e400000, 0x000000070e400000, 0x000000070e600000|  0%| F|  |TAMS 0x000000070e400000, 0x000000070e400000| Untracked 
|  77|0x000000070e600000, 0x000000070e600000, 0x000000070e800000|  0%| F|  |TAMS 0x000000070e600000, 0x000000070e600000| Untracked 
|  78|0x000000070e800000, 0x000000070e800000, 0x000000070ea00000|  0%| F|  |TAMS 0x000000070e800000, 0x000000070e800000| Untracked 
|  79|0x000000070ea00000, 0x000000070ea00000, 0x000000070ec00000|  0%| F|  |TAMS 0x000000070ea00000, 0x000000070ea00000| Untracked 
|  80|0x000000070ec00000, 0x000000070ec00000, 0x000000070ee00000|  0%| F|  |TAMS 0x000000070ec00000, 0x000000070ec00000| Untracked 
|  81|0x000000070ee00000, 0x000000070ee00000, 0x000000070f000000|  0%| F|  |TAMS 0x000000070ee00000, 0x000000070ee00000| Untracked 
|  82|0x000000070f000000, 0x000000070f000000, 0x000000070f200000|  0%| F|  |TAMS 0x000000070f000000, 0x000000070f000000| Untracked 
|  83|0x000000070f200000, 0x000000070f200000, 0x000000070f400000|  0%| F|  |TAMS 0x000000070f200000, 0x000000070f200000| Untracked 
|  84|0x000000070f400000, 0x000000070f400000, 0x000000070f600000|  0%| F|  |TAMS 0x000000070f400000, 0x000000070f400000| Untracked 
|  85|0x000000070f600000, 0x000000070f600000, 0x000000070f800000|  0%| F|  |TAMS 0x000000070f600000, 0x000000070f600000| Untracked 
|  86|0x000000070f800000, 0x000000070f800000, 0x000000070fa00000|  0%| F|  |TAMS 0x000000070f800000, 0x000000070f800000| Untracked 
|  87|0x000000070fa00000, 0x000000070fa00000, 0x000000070fc00000|  0%| F|  |TAMS 0x000000070fa00000, 0x000000070fa00000| Untracked 
|  88|0x000000070fc00000, 0x000000070fc00000, 0x000000070fe00000|  0%| F|  |TAMS 0x000000070fc00000, 0x000000070fc00000| Untracked 
|  89|0x000000070fe00000, 0x000000070fe00000, 0x0000000710000000|  0%| F|  |TAMS 0x000000070fe00000, 0x000000070fe00000| Untracked 
|  90|0x0000000710000000, 0x0000000710000000, 0x0000000710200000|  0%| F|  |TAMS 0x0000000710000000, 0x0000000710000000| Untracked 
|  91|0x0000000710200000, 0x0000000710200000, 0x0000000710400000|  0%| F|  |TAMS 0x0000000710200000, 0x0000000710200000| Untracked 
|  92|0x0000000710400000, 0x0000000710400000, 0x0000000710600000|  0%| F|  |TAMS 0x0000000710400000, 0x0000000710400000| Untracked 
|  93|0x0000000710600000, 0x0000000710600000, 0x0000000710800000|  0%| F|  |TAMS 0x0000000710600000, 0x0000000710600000| Untracked 
|  94|0x0000000710800000, 0x0000000710800000, 0x0000000710a00000|  0%| F|  |TAMS 0x0000000710800000, 0x0000000710800000| Untracked 
|  95|0x0000000710a00000, 0x0000000710a00000, 0x0000000710c00000|  0%| F|  |TAMS 0x0000000710a00000, 0x0000000710a00000| Untracked 
|  96|0x0000000710c00000, 0x0000000710c00000, 0x0000000710e00000|  0%| F|  |TAMS 0x0000000710c00000, 0x0000000710c00000| Untracked 
|  97|0x0000000710e00000, 0x0000000710e00000, 0x0000000711000000|  0%| F|  |TAMS 0x0000000710e00000, 0x0000000710e00000| Untracked 
|  98|0x0000000711000000, 0x0000000711000000, 0x0000000711200000|  0%| F|  |TAMS 0x0000000711000000, 0x0000000711000000| Untracked 
|  99|0x0000000711200000, 0x0000000711200000, 0x0000000711400000|  0%| F|  |TAMS 0x0000000711200000, 0x0000000711200000| Untracked 
| 100|0x0000000711400000, 0x0000000711400000, 0x0000000711600000|  0%| F|  |TAMS 0x0000000711400000, 0x0000000711400000| Untracked 
| 101|0x0000000711600000, 0x0000000711600000, 0x0000000711800000|  0%| F|  |TAMS 0x0000000711600000, 0x0000000711600000| Untracked 
| 102|0x0000000711800000, 0x0000000711800000, 0x0000000711a00000|  0%| F|  |TAMS 0x0000000711800000, 0x0000000711800000| Untracked 
| 103|0x0000000711a00000, 0x0000000711a00000, 0x0000000711c00000|  0%| F|  |TAMS 0x0000000711a00000, 0x0000000711a00000| Untracked 
| 104|0x0000000711c00000, 0x0000000711c00000, 0x0000000711e00000|  0%| F|  |TAMS 0x0000000711c00000, 0x0000000711c00000| Untracked 
| 105|0x0000000711e00000, 0x0000000711e00000, 0x0000000712000000|  0%| F|  |TAMS 0x0000000711e00000, 0x0000000711e00000| Untracked 
| 106|0x0000000712000000, 0x0000000712000000, 0x0000000712200000|  0%| F|  |TAMS 0x0000000712000000, 0x0000000712000000| Untracked 
| 107|0x0000000712200000, 0x0000000712200000, 0x0000000712400000|  0%| F|  |TAMS 0x0000000712200000, 0x0000000712200000| Untracked 
| 108|0x0000000712400000, 0x0000000712400000, 0x0000000712600000|  0%| F|  |TAMS 0x0000000712400000, 0x0000000712400000| Untracked 
| 109|0x0000000712600000, 0x0000000712600000, 0x0000000712800000|  0%| F|  |TAMS 0x0000000712600000, 0x0000000712600000| Untracked 
| 110|0x0000000712800000, 0x0000000712800000, 0x0000000712a00000|  0%| F|  |TAMS 0x0000000712800000, 0x0000000712800000| Untracked 
| 111|0x0000000712a00000, 0x0000000712a00000, 0x0000000712c00000|  0%| F|  |TAMS 0x0000000712a00000, 0x0000000712a00000| Untracked 
| 112|0x0000000712c00000, 0x0000000712c00000, 0x0000000712e00000|  0%| F|  |TAMS 0x0000000712c00000, 0x0000000712c00000| Untracked 
| 113|0x0000000712e00000, 0x0000000712e00000, 0x0000000713000000|  0%| F|  |TAMS 0x0000000712e00000, 0x0000000712e00000| Untracked 
| 114|0x0000000713000000, 0x0000000713000000, 0x0000000713200000|  0%| F|  |TAMS 0x0000000713000000, 0x0000000713000000| Untracked 
| 115|0x0000000713200000, 0x0000000713200000, 0x0000000713400000|  0%| F|  |TAMS 0x0000000713200000, 0x0000000713200000| Untracked 
| 116|0x0000000713400000, 0x0000000713400000, 0x0000000713600000|  0%| F|  |TAMS 0x0000000713400000, 0x0000000713400000| Untracked 
| 117|0x0000000713600000, 0x0000000713600000, 0x0000000713800000|  0%| F|  |TAMS 0x0000000713600000, 0x0000000713600000| Untracked 
| 118|0x0000000713800000, 0x0000000713800000, 0x0000000713a00000|  0%| F|  |TAMS 0x0000000713800000, 0x0000000713800000| Untracked 
| 119|0x0000000713a00000, 0x0000000713a71900, 0x0000000713c00000| 22%| E|  |TAMS 0x0000000713a00000, 0x0000000713a00000| Complete 
| 120|0x0000000713c00000, 0x0000000713e00000, 0x0000000713e00000|100%| E|CS|TAMS 0x0000000713c00000, 0x0000000713c00000| Complete 
| 121|0x0000000713e00000, 0x0000000714000000, 0x0000000714000000|100%| E|CS|TAMS 0x0000000713e00000, 0x0000000713e00000| Complete 
| 122|0x0000000714000000, 0x0000000714200000, 0x0000000714200000|100%| E|CS|TAMS 0x0000000714000000, 0x0000000714000000| Complete 
| 123|0x0000000714200000, 0x0000000714400000, 0x0000000714400000|100%| E|CS|TAMS 0x0000000714200000, 0x0000000714200000| Complete 
| 124|0x0000000714400000, 0x0000000714600000, 0x0000000714600000|100%| E|  |TAMS 0x0000000714400000, 0x0000000714400000| Complete 
| 125|0x0000000714600000, 0x0000000714800000, 0x0000000714800000|100%| E|CS|TAMS 0x0000000714600000, 0x0000000714600000| Complete 

Card table byte_map: [0x0000026122ca0000,0x0000026123480000] _byte_map_base: 0x000002611f47a000

Marking Bits (Prev, Next): (CMBitMap*) 0x000002610b043290, (CMBitMap*) 0x000002610b0432d0
 Prev Bits: [0x0000026123c60000, 0x0000026127b30000)
 Next Bits: [0x0000026127b30000, 0x000002612ba00000)

Polling page: 0x0000026109670000

Metaspace:

Usage:
  Non-class:      2.16 MB used.
      Class:    233.70 KB used.
       Both:      2.39 MB used.

Virtual space:
  Non-class space:        8.00 MB reserved,       2.19 MB ( 27%) committed,  1 nodes.
      Class space:        1.00 GB reserved,     320.00 KB ( <1%) committed,  1 nodes.
             Both:        1.01 GB reserved,       2.50 MB ( <1%) committed. 

Chunk freelists:
   Non-Class:  3.30 MB
       Class:  3.64 MB
        Both:  6.93 MB

MaxMetaspaceSize: unlimited
CompressedClassSpaceSize: 1.00 GB
Initial GC threshold: 21.00 MB
Current GC threshold: 21.00 MB
CDS: on
MetaspaceReclaimPolicy: balanced
 - commit_granule_bytes: 65536.
 - commit_granule_words: 8192.
 - virtual_space_node_default_size: 1048576.
 - enlarge_chunks_in_place: 1.
 - new_chunks_are_fully_committed: 0.
 - uncommit_free_chunks: 1.
 - use_allocation_guard: 0.
 - handle_deallocations: 1.


Internal statistics:

num_allocs_failed_limit: 0.
num_arena_births: 52.
num_arena_deaths: 0.
num_vsnodes_births: 2.
num_vsnodes_deaths: 0.
num_space_committed: 40.
num_space_uncommitted: 0.
num_chunks_returned_to_freelist: 0.
num_chunks_taken_from_freelist: 96.
num_chunk_merges: 0.
num_chunk_splits: 61.
num_chunks_enlarged: 42.
num_purges: 0.
num_inconsistent_stats: 0.

CodeHeap 'non-profiled nmethods': size=120000Kb used=215Kb max_used=215Kb free=119785Kb
 bounds [0x000002611a310000, 0x000002611a580000, 0x0000026121840000]
CodeHeap 'profiled nmethods': size=120000Kb used=975Kb max_used=975Kb free=119024Kb
 bounds [0x0000026112de0000, 0x0000026113050000, 0x000002611a310000]
CodeHeap 'non-nmethods': size=5760Kb used=1140Kb max_used=1154Kb free=4619Kb
 bounds [0x0000026112840000, 0x0000026112ab0000, 0x0000026112de0000]
 total_blobs=1056 nmethods=630 adapters=339
 compilation: enabled
              stopped_count=0, restarted_count=0
 full_count=0

Compilation events (20 events):
Event: 0.172 Thread 0x000002612e715550  567       3       java.lang.reflect.Modifier::isStatic (13 bytes)
Event: 0.172 Thread 0x000002612e715550 nmethod 567 0x0000026112eb2210 code [0x0000026112eb23a0, 0x0000026112eb24f8]
Event: 0.172 Thread 0x000002612e715550  570       3       sun.net.util.URLUtil::urlNoFragString (114 bytes)
Event: 0.172 Thread 0x000002612e715550 nmethod 570 0x0000026112eb2590 code [0x0000026112eb28c0, 0x0000026112eb3948]
Event: 0.172 Thread 0x000002612e715550  573       3       java.nio.DirectIntBufferU::ix (10 bytes)
Event: 0.172 Thread 0x000002612e715550 nmethod 573 0x0000026112eb3f10 code [0x0000026112eb40a0, 0x0000026112eb41b8]
Event: 0.172 Thread 0x000002612e715550  575       3       jdk.internal.jimage.ImageStringsReader::hashCode (33 bytes)
Event: 0.172 Thread 0x000002612e715550 nmethod 575 0x0000026112eb4290 code [0x0000026112eb4440, 0x0000026112eb45b8]
Event: 0.172 Thread 0x000002612e715550  574       3       java.util.concurrent.ConcurrentHashMap$BaseIterator::hasNext (13 bytes)
Event: 0.172 Thread 0x000002612e715550 nmethod 574 0x0000026112eb4690 code [0x0000026112eb4820, 0x0000026112eb4998]
Event: 0.172 Thread 0x000002612e715550  576       3       java.util.Optional::empty (6 bytes)
Event: 0.172 Thread 0x000002612e715550 nmethod 576 0x0000026112eb4a10 code [0x0000026112eb4ba0, 0x0000026112eb4c98]
Event: 0.172 Thread 0x000002612e715550  577       3       jdk.internal.loader.URLClassPath$JarLoader::findResource (18 bytes)
Event: 0.172 Thread 0x000002612e715550 nmethod 577 0x0000026112eb4d10 code [0x0000026112eb4ec0, 0x0000026112eb5138]
Event: 0.172 Thread 0x000002612e715550  571       3       jdk.internal.loader.BuiltinClassLoader::moduleReaderFor (45 bytes)
Event: 0.173 Thread 0x000002612e70cb90  578   !   4       java.util.zip.ZipFile$Source::getEntryPos (173 bytes)
Event: 0.173 Thread 0x000002612e715550 nmethod 571 0x0000026112eb5210 code [0x0000026112eb5400, 0x0000026112eb5b18]
Event: 0.173 Thread 0x000002612e715550  572       3       jdk.internal.module.SystemModuleFinders$SystemModuleReader::find (59 bytes)
Event: 0.173 Thread 0x000002612e715550 nmethod 572 0x0000026112eb5d10 code [0x0000026112eb5fc0, 0x0000026112eb6c08]
Event: 0.173 Thread 0x000002612e715550  580   !   3       jdk.internal.loader.URLClassPath$JarLoader::getResource (354 bytes)

GC Heap History (0 events):
No events

Deoptimization events (20 events):
Event: 0.090 Thread 0x000002610aff4c50 Uncommon trap: trap_request=0xffffff45 fr.pc=0x000002611a322260 relative=0x0000000000000620
Event: 0.090 Thread 0x000002610aff4c50 Uncommon trap: reason=unstable_if action=reinterpret pc=0x000002611a322260 method=java.util.zip.ZipFile$Source.checkAndAddEntry(II)I @ 50 c2
Event: 0.090 Thread 0x000002610aff4c50 DEOPT PACKING pc=0x000002611a322260 sp=0x000000b6e15fe410
Event: 0.090 Thread 0x000002610aff4c50 DEOPT UNPACKING pc=0x00000261128923a3 sp=0x000000b6e15fe388 mode 2
Event: 0.093 Thread 0x000002610aff4c50 DEOPT PACKING pc=0x0000026112de8c67 sp=0x000000b6e15fe190
Event: 0.093 Thread 0x000002610aff4c50 DEOPT UNPACKING pc=0x0000026112892b43 sp=0x000000b6e15fd5b0 mode 0
Event: 0.116 Thread 0x000002610aff4c50 Uncommon trap: trap_request=0xffffff45 fr.pc=0x000002611a3136dc relative=0x000000000000005c
Event: 0.116 Thread 0x000002610aff4c50 Uncommon trap: reason=unstable_if action=reinterpret pc=0x000002611a3136dc method=java.lang.String.isLatin1()Z @ 10 c2
Event: 0.116 Thread 0x000002610aff4c50 DEOPT PACKING pc=0x000002611a3136dc sp=0x000000b6e15fe860
Event: 0.116 Thread 0x000002610aff4c50 DEOPT UNPACKING pc=0x00000261128923a3 sp=0x000000b6e15fe7f0 mode 2
Event: 0.116 Thread 0x000002610aff4c50 Uncommon trap: trap_request=0xffffff45 fr.pc=0x000002611a311378 relative=0x0000000000000078
Event: 0.116 Thread 0x000002610aff4c50 Uncommon trap: reason=unstable_if action=reinterpret pc=0x000002611a311378 method=java.lang.String.isLatin1()Z @ 10 c2
Event: 0.116 Thread 0x000002610aff4c50 DEOPT PACKING pc=0x000002611a311378 sp=0x000000b6e15ff250
Event: 0.116 Thread 0x000002610aff4c50 DEOPT UNPACKING pc=0x00000261128923a3 sp=0x000000b6e15ff190 mode 2
Event: 0.137 Thread 0x000002610aff4c50 Uncommon trap: trap_request=0xffffff45 fr.pc=0x000002611a3239e4 relative=0x0000000000000064
Event: 0.137 Thread 0x000002610aff4c50 Uncommon trap: reason=unstable_if action=reinterpret pc=0x000002611a3239e4 method=java.io.WinNTFileSystem.isSlash(C)Z @ 9 c2
Event: 0.137 Thread 0x000002610aff4c50 DEOPT PACKING pc=0x000002611a3239e4 sp=0x000000b6e15fdf40
Event: 0.137 Thread 0x000002610aff4c50 DEOPT UNPACKING pc=0x00000261128923a3 sp=0x000000b6e15fdec8 mode 2
Event: 0.164 Thread 0x000002610aff4c50 DEOPT PACKING pc=0x0000026112e19a56 sp=0x000000b6e15fca50
Event: 0.164 Thread 0x000002610aff4c50 DEOPT UNPACKING pc=0x0000026112892b43 sp=0x000000b6e15fbef0 mode 0

Classes unloaded (0 events):
No events

Classes redefined (0 events):
No events

Internal exceptions (6 events):
Event: 0.117 Thread 0x000002612f4fc840 Exception <a 'java/lang/NoSuchMethodError'{0x00000007141e8f20}: 'java.lang.Object java.lang.invoke.DirectMethodHandle$Holder.invokeStaticInit(java.lang.Object)'> (0x00000007141e8f20) 
thrown [t:\workspace\open\src\hotspot\share\interpreter\linkResolver.cpp, line 766]
Event: 0.122 Thread 0x000002612f4fc840 Exception <a 'java/lang/NoSuchMethodError'{0x00000007141f6be0}: 'void java.lang.invoke.DirectMethodHandle$Holder.invokeStatic(java.lang.Object, java.lang.Object)'> (0x00000007141f6be0) 
thrown [t:\workspace\open\src\hotspot\share\interpreter\linkResolver.cpp, line 766]
Event: 0.159 Thread 0x000002610aff4c50 Exception <a 'java/lang/NoSuchMethodError'{0x0000000713cb4d88}: 'java.lang.Object java.lang.invoke.DirectMethodHandle$Holder.invokeSpecial(java.lang.Object, java.lang.Object, java.lang.Object, long, java.lang.Object)'> (0x0000000713cb4d88) 
thrown [t:\workspace\open\src\hotspot\share\interpreter\linkResolver.cpp, line 766]
Event: 0.159 Thread 0x000002610aff4c50 Exception <a 'java/lang/NoSuchMethodError'{0x0000000713cb8958}: 'java.lang.Object java.lang.invoke.Invokers$Holder.linkToTargetMethod(java.lang.Object, long, java.lang.Object, java.lang.Object)'> (0x0000000713cb8958) 
thrown [t:\workspace\open\src\hotspot\share\interpreter\linkResolver.cpp, line 766]
Event: 0.166 Thread 0x000002610aff4c50 Exception <a 'java/lang/ClassNotFoundException'{0x0000000713ce9598}: javax/smartcardio/CardPermission> (0x0000000713ce9598) 
thrown [t:\workspace\open\src\hotspot\share\classfile\systemDictionary.cpp, line 256]
Event: 0.168 Thread 0x000002610aff4c50 Exception <a 'java/io/FileNotFoundException'{0x0000000713cf7a78}> (0x0000000713cf7a78) 
thrown [t:\workspace\open\src\hotspot\share\prims\jni.cpp, line 516]

VM Operations (6 events):
Event: 0.117 Executing VM operation: HandshakeAllThreads
Event: 0.117 Executing VM operation: HandshakeAllThreads done
Event: 0.133 Executing VM operation: HandshakeAllThreads
Event: 0.133 Executing VM operation: HandshakeAllThreads done
Event: 0.137 Executing VM operation: HandshakeAllThreads
Event: 0.137 Executing VM operation: HandshakeAllThreads done

Events (20 events):
Event: 0.169 loading class sun/security/provider/PolicyFile$8
Event: 0.169 loading class sun/security/provider/PolicyFile$8 done
Event: 0.169 loading class sun/security/provider/PolicyFile$SelfPermission
Event: 0.169 loading class sun/security/provider/PolicyFile$SelfPermission done
Event: 0.169 loading class java/net/SocketPermissionCollection
Event: 0.169 loading class java/net/SocketPermissionCollection done
Event: 0.169 loading class java/net/SocketPermissionCollection$1
Event: 0.169 loading class java/net/SocketPermissionCollection$1 done
Event: 0.169 loading class java/util/PropertyPermissionCollection
Event: 0.169 loading class java/util/PropertyPermissionCollection done
Event: 0.169 loading class java/util/PropertyPermissionCollection$1
Event: 0.169 loading class java/util/PropertyPermissionCollection$1 done
Event: 0.169 loading class java/io/FilePermissionCollection
Event: 0.169 loading class java/io/FilePermissionCollection done
Event: 0.169 loading class java/io/FilePermissionCollection$1
Event: 0.169 loading class java/io/FilePermissionCollection$1 done
Event: 0.169 loading class java/security/PermissionsEnumerator
Event: 0.169 loading class java/security/PermissionsEnumerator done
Event: 0.169 loading class java/security/AccessControlException
Event: 0.169 loading class java/security/AccessControlException done


Dynamic libraries:
0x00007ff778ce0000 - 0x00007ff778cf0000 	C:\Program Files\Java\jdk-17\bin\java.exe
0x00007ff9d7a50000 - 0x00007ff9d7c48000 	C:\WINDOWS\SYSTEM32\ntdll.dll
0x00007ff9d7820000 - 0x00007ff9d78dd000 	C:\WINDOWS\System32\KERNEL32.DLL
0x00007ff9d51d0000 - 0x00007ff9d54c6000 	C:\WINDOWS\System32\KERNELBASE.dll
0x00007ff9d5770000 - 0x00007ff9d5870000 	C:\WINDOWS\System32\ucrtbase.dll
0x00007ff9c69a0000 - 0x00007ff9c69b8000 	C:\Program Files\Java\jdk-17\bin\jli.dll
0x00007ff9c7360000 - 0x00007ff9c737a000 	C:\Program Files\Java\jdk-17\bin\VCRUNTIME140.dll
0x00007ff9d7350000 - 0x00007ff9d73fe000 	C:\WINDOWS\System32\ADVAPI32.dll
0x00007ff9d6ec0000 - 0x00007ff9d6f5e000 	C:\WINDOWS\System32\msvcrt.dll
0x00007ff9d72b0000 - 0x00007ff9d734c000 	C:\WINDOWS\System32\sechost.dll
0x00007ff9d5d00000 - 0x00007ff9d5e26000 	C:\WINDOWS\System32\RPCRT4.dll
0x00007ff9d5ab0000 - 0x00007ff9d5c4e000 	C:\WINDOWS\System32\USER32.dll
0x00007ff9d5130000 - 0x00007ff9d5152000 	C:\WINDOWS\System32\win32u.dll
0x00007ff9b5170000 - 0x00007ff9b540a000 	C:\WINDOWS\WinSxS\amd64_microsoft.windows.common-controls_6595b64144ccf1df_6.0.19041.1110_none_60b5254171f9507e\COMCTL32.dll
0x00007ff9d6860000 - 0x00007ff9d688c000 	C:\WINDOWS\System32\GDI32.dll
0x00007ff9d5560000 - 0x00007ff9d567a000 	C:\WINDOWS\System32\gdi32full.dll
0x00007ff9d5680000 - 0x00007ff9d571d000 	C:\WINDOWS\System32\msvcp_win.dll
0x00007ff9cfdc0000 - 0x00007ff9cfdca000 	C:\WINDOWS\SYSTEM32\VERSION.dll
0x00007ff9d5c50000 - 0x00007ff9d5c80000 	C:\WINDOWS\System32\IMM32.DLL
0x000002610afa0000 - 0x000002610afb4000 	C:\WINDOWS\System32\umppc17312.dll
0x00007ff9c7350000 - 0x00007ff9c735c000 	C:\Program Files\Java\jdk-17\bin\vcruntime140_1.dll
0x00007ff9a2850000 - 0x00007ff9a28dd000 	C:\Program Files\Java\jdk-17\bin\msvcp140.dll
0x00007ff940f90000 - 0x00007ff941b4e000 	C:\Program Files\Java\jdk-17\bin\server\jvm.dll
0x00007ff9d7810000 - 0x00007ff9d7818000 	C:\WINDOWS\System32\PSAPI.DLL
0x00007ff9c5e10000 - 0x00007ff9c5e19000 	C:\WINDOWS\SYSTEM32\WSOCK32.dll
0x00007ff9d7090000 - 0x00007ff9d70fb000 	C:\WINDOWS\System32\WS2_32.dll
0x00007ff9b9a20000 - 0x00007ff9b9a47000 	C:\WINDOWS\SYSTEM32\WINMM.dll
0x00007ff9d2d60000 - 0x00007ff9d2d72000 	C:\WINDOWS\SYSTEM32\kernel.appcore.dll
0x00007ff9c6c10000 - 0x00007ff9c6c1a000 	C:\Program Files\Java\jdk-17\bin\jimage.dll
0x00007ff9b9b60000 - 0x00007ff9b9d44000 	C:\WINDOWS\SYSTEM32\DBGHELP.DLL
0x00007ff9c28e0000 - 0x00007ff9c2914000 	C:\WINDOWS\SYSTEM32\dbgcore.DLL
0x00007ff9d54d0000 - 0x00007ff9d5552000 	C:\WINDOWS\System32\bcryptPrimitives.dll
0x00007ff9d0bf0000 - 0x00007ff9d0bfe000 	C:\Program Files\Java\jdk-17\bin\instrument.dll
0x00007ff9c66c0000 - 0x00007ff9c66e5000 	C:\Program Files\Java\jdk-17\bin\java.dll
0x00007ff9994f0000 - 0x00007ff9995c6000 	C:\Program Files\Java\jdk-17\bin\svml.dll
0x00007ff9d5fe0000 - 0x00007ff9d6725000 	C:\WINDOWS\System32\SHELL32.dll
0x00007ff9d2f60000 - 0x00007ff9d36fb000 	C:\WINDOWS\SYSTEM32\windows.storage.dll
0x00007ff9d7400000 - 0x00007ff9d7754000 	C:\WINDOWS\System32\combase.dll
0x00007ff9d49c0000 - 0x00007ff9d49ee000 	C:\WINDOWS\SYSTEM32\Wldp.dll
0x00007ff9d7760000 - 0x00007ff9d780d000 	C:\WINDOWS\System32\SHCORE.dll
0x00007ff9d6800000 - 0x00007ff9d6855000 	C:\WINDOWS\System32\shlwapi.dll
0x00007ff9d5060000 - 0x00007ff9d5085000 	C:\WINDOWS\SYSTEM32\profapi.dll
0x00007ff9ac9a0000 - 0x00007ff9ac9b8000 	C:\Program Files\Java\jdk-17\bin\zip.dll
0x00007ff9c67b0000 - 0x00007ff9c67c9000 	C:\Program Files\Java\jdk-17\bin\net.dll
0x00007ff9cee50000 - 0x00007ff9cef5a000 	C:\WINDOWS\SYSTEM32\WINHTTP.dll
0x00007ff9d47a0000 - 0x00007ff9d480a000 	C:\WINDOWS\system32\mswsock.dll
0x00007ff9c5ff0000 - 0x00007ff9c6005000 	C:\Program Files\Java\jdk-17\bin\nio.dll
0x00007ff9c73f0000 - 0x00007ff9c740a000 	C:\Program Files\JetBrains\IntelliJ IDEA Community Edition 2021.1.3\bin\breakgen64.dll

dbghelp: loaded successfully - version: 4.0.5 - missing functions: none
symbol engine: initialized successfully - sym options: 0x614 - pdb path: .;C:\Program Files\Java\jdk-17\bin;C:\WINDOWS\SYSTEM32;C:\WINDOWS\WinSxS\amd64_microsoft.windows.common-controls_6595b64144ccf1df_6.0.19041.1110_none_60b5254171f9507e;C:\Program Files\Java\jdk-17\bin\server;C:\Program Files\JetBrains\IntelliJ IDEA Community Edition 2021.1.3\bin

VM Arguments:
jvm_args: -javaagent:C:\Program Files\JetBrains\IntelliJ IDEA Community Edition 2021.1.3\lib\idea_rt.jar=54545:C:\Program Files\JetBrains\IntelliJ IDEA Community Edition 2021.1.3\bin -Dfile.encoding=UTF-8 
java_command: com.av2.av2.Av2Application
java_class_path (initial): C:\Users\davii\Desktop\av2\target\classes;C:\Users\davii\.m2\repository\org\springframework\boot\spring-boot-starter-data-jpa\3.1.4\spring-boot-starter-data-jpa-3.1.4.jar;C:\Users\davii\.m2\repository\org\springframework\boot\spring-boot-starter-aop\3.1.4\spring-boot-starter-aop-3.1.4.jar;C:\Users\davii\.m2\repository\org\springframework\spring-aop\6.0.12\spring-aop-6.0.12.jar;C:\Users\davii\.m2\repository\org\aspectj\aspectjweaver\1.9.20\aspectjweaver-1.9.20.jar;C:\Users\davii\.m2\repository\org\springframework\boot\spring-boot-starter-jdbc\3.1.4\spring-boot-starter-jdbc-3.1.4.jar;C:\Users\davii\.m2\repository\com\zaxxer\HikariCP\5.0.1\HikariCP-5.0.1.jar;C:\Users\davii\.m2\repository\org\springframework\spring-jdbc\6.0.12\spring-jdbc-6.0.12.jar;C:\Users\davii\.m2\repository\org\hibernate\orm\hibernate-core\6.2.9.Final\hibernate-core-6.2.9.Final.jar;C:\Users\davii\.m2\repository\jakarta\persistence\jakarta.persistence-api\3.1.0\jakarta.persistence-api-3.1.0.jar;C:\Users\davii\.m2\repository\jakarta\transaction\jakarta.transaction-api\2.0.1\jakarta.transaction-api-2.0.1.jar;C:\Users\davii\.m2\repository\org\jboss\logging\jboss-logging\3.5.3.Final\jboss-logging-3.5.3.Final.jar;C:\Users\davii\.m2\repository\org\hibernate\common\hibernate-commons-annotations\6.0.6.Final\hibernate-commons-annotations-6.0.6.Final.jar;C:\Users\davii\.m2\repository\io\smallrye\jandex\3.0.5\jandex-3.0.5.jar;C:\Users\davii\.m2\repository\com\fasterxml\classmate\1.5.1\classmate-1.5.1.jar;C:\Users\davii\.m2\repository\net\bytebuddy\byte-buddy\1.14.8\byte-buddy-1.14.8.jar;C:\Users\davii\.m2\repository\org\glassfish\jaxb\jaxb-runtime\4.0.3\jaxb-runtime-4.0.3.jar;C:\Users\davii\.m2\repository\org\glassfish\jaxb\jaxb-core\4.0.3\jaxb-core-4.0.3.jar;C:\Users\davii\.m2\repository\org\eclipse\angus\angus-activation\2.0.1\angus-activation-2.0.1.jar;C:\Users\davii\.m2\repository\org\glassfish\jaxb\txw2\4.0.3\txw2-4.0.3.jar;C:\Users\davii\.m2\repository\com\sun\istack\istack-c
Launcher Type: SUN_STANDARD

[Global flags]
     intx CICompilerCount                          = 4                                         {product} {ergonomic}
     uint ConcGCThreads                            = 3                                         {product} {ergonomic}
     uint G1ConcRefinementThreads                  = 10                                        {product} {ergonomic}
   size_t G1HeapRegionSize                         = 2097152                                   {product} {ergonomic}
    uintx GCDrainStackTargetSize                   = 64                                        {product} {ergonomic}
   size_t InitialHeapSize                          = 264241152                                 {product} {ergonomic}
   size_t MarkStackSize                            = 4194304                                   {product} {ergonomic}
   size_t MaxHeapSize                              = 4215275520                                {product} {ergonomic}
   size_t MaxNewSize                               = 2529165312                                {product} {ergonomic}
   size_t MinHeapDeltaBytes                        = 2097152                                   {product} {ergonomic}
   size_t MinHeapSize                              = 8388608                                   {product} {ergonomic}
    uintx NonNMethodCodeHeapSize                   = 5839372                                {pd product} {ergonomic}
    uintx NonProfiledCodeHeapSize                  = 122909434                              {pd product} {ergonomic}
    uintx ProfiledCodeHeapSize                     = 122909434                              {pd product} {ergonomic}
    uintx ReservedCodeCacheSize                    = 251658240                              {pd product} {ergonomic}
     bool SegmentedCodeCache                       = true                                      {product} {ergonomic}
   size_t SoftMaxHeapSize                          = 4215275520                             {manageable} {ergonomic}
     bool UseCompressedClassPointers               = true                           {product lp64_product} {ergonomic}
     bool UseCompressedOops                        = true                           {product lp64_product} {ergonomic}
     bool UseG1GC                                  = true                                      {product} {ergonomic}
     bool UseLargePagesIndividualAllocation        = false                                  {pd product} {ergonomic}

Logging:
Log output configuration:
 #0: stdout all=warning uptime,level,tags
 #1: stderr all=off uptime,level,tags

Environment Variables:
JAVA_HOME=C:\Program Files\Java\jdk1.8.0_111
PATH=C:\Program Files (x86)\VMware\VMware Player\bin\;C:\Program Files\Common Files\Oracle\Java\javapath;C:\Python39\Scripts\;C:\Python39\;C:\ProgramData\Oracle\Java\javapath;C:\app\Administrador\product\18.0.0\dbhomeXE\bin;C:\Program Files (x86)\Microchip\mplabc18\v3.47\mpasm;C:\Program Files (x86)\Microchip\mplabc18\v3.47\bin;C:\Python38\Scripts\;C:\Python38\;C:\Program Files (x86)\Common Files\Oracle\Java\javapath;C:\WINDOWS\system32;C:\WINDOWS;C:\WINDOWS\System32\Wbem;C:\WINDOWS\System32\WindowsPowerShell\v1.0\;C:\WINDOWS\System32\OpenSSH\;C:\Program Files (x86)\IronRuby 1.1\bin;C:\Program Files\Microsoft SQL Server\120\Tools\Binn\;C:\Program Files\Microsoft SQL Server\Client SDK\ODBC\110\Tools\Binn\;C:\Program Files (x86)\IVI Foundation\VISA\WinNT\Bin;C:\Program Files (x86)\Windows Live\Shared;C:\ProgramData\chocolatey\bin;C:\Program Files (x86)\Microchip\MPLAB C32 Suite\bin;C:\Program Files (x86)\Microsoft SQL Server\120\Tools\Binn\;C:\Program Files\Microsoft SQL Server\120\DTS\Binn\;C:\Program Files (x86)\Windows Kits\8.1\Windows Performance Toolkit\;C:\Program Files (x86)\P-CAD 2006 Viewer\;C:\Program Files (x86)\Brackets\command;C:\Users\Aluno\AppData\Roaming\npm;C:\Program Files\dotnet\;C:\Program Files\Microsoft SQL Server\130\Tools\Binn\;C:\Program Files\Microsoft SQL Server\Client SDK\ODBC\170\Tools\Binn\;c:\src\flutter;C:\ProgramData\UNIVALI\Portugol Studio;C:\Program Files\Git\cmd;C:\Program Files (x86)\Yarn\bin\;C:\Program Files\Android\Sdk\emulator;C:\Program Files\Android\Sdk\tools;C:\Program Files\Android\Sdk\tools\bin;C:\Program Files\Android\Sdk\platform-tools;C:\Program Files (x86)\Yarn\bin;C:\Program Files\MATLAB\R2021a\runtime\win64;C:\Program Files\MATLAB\R2021a\bin;C:\Program Files\PuTTY\;C:\Program Files\nodejs\;;C:\Program Files\Docker\Docker\resources\bin;C:\ProgramData\DockerDesktop\version-bin;C:\Users\davii\AppData\Local\Microsoft\WindowsApps;;C:\Users\davii\AppData\Local\Programs\Microsoft VS Code\bin
USERNAME=davii
OS=Windows_NT
PROCESSOR_IDENTIFIER=Intel64 Family 6 Model 151 Stepping 5, GenuineIntel



---------------  S Y S T E M  ---------------

OS:
 Windows 10 , 64 bit Build 19041 (10.0.19041.3393)
OS uptime: 0 days 4:24 hours
Hyper-V role detected

CPU: total 12 (initial active 12) (6 cores per cpu, 2 threads per core) family 6 model 151 stepping 5 microcode 0x1e, cx8, cmov, fxsr, ht, mmx, 3dnowpref, sse, sse2, sse3, ssse3, sse4.1, sse4.2, popcnt, lzcnt, tsc, tscinvbit, avx, avx2, aes, erms, clmul, bmi1, bmi2, adx, sha, fma, vzeroupper, clflush, clflushopt, clwb, hv

Memory: 4k page, system-wide physical 16072M (4766M free)
TotalPageFile size 17442M (AvailPageFile size 4M)
current process WorkingSet (physical memory assigned to process): 53M, peak: 53M
current process commit charge ("private bytes"): 351M, peak: 351M

vm_info: Java HotSpot(TM) 64-Bit Server VM (17+35-LTS-2724) for windows-amd64 JRE (17+35-LTS-2724), built on Aug  5 2021 23:28:28 by "mach5one" with MS VC++ 16.8 (VS2019)

END.
